Log file open, 01/27/20 10:07:39
LogWindows: Failed to load 'aqProf.dll' (GetLastError=126)
LogWindows: File 'aqProf.dll' does not exist
LogWindows: Failed to load 'VtuneApi.dll' (GetLastError=126)
LogWindows: File 'VtuneApi.dll' does not exist
LogWindows: Failed to load 'VtuneApi32e.dll' (GetLastError=126)
LogWindows: File 'VtuneApi32e.dll' does not exist
LogConsoleResponse: Display: Failed to find resolution value strings in scalability ini. Falling back to default.
LogInit: Display: Running engine for game: ARTemplate
LogPlatformFile: Not using cached read wrapper
LogTaskGraph: Started task graph with 5 named threads and 11 total threads with 3 sets of task threads.
LogStats: Stats thread started at 0.114866
LogD3D11RHI: Loaded GFSDK_Aftermath_Lib.x64.dll
LogICUInternationalization: ICU TimeZone Detection - Raw Offset: -8:00, Platform Override: ''
LogPluginManager: Mounting plugin Paper2D
LogPluginManager: Mounting plugin AISupport
LogPluginManager: Mounting plugin LiveLink
LogPluginManager: Mounting plugin LightPropagationVolume
LogPluginManager: Mounting plugin ActorLayerUtilities
LogPluginManager: Mounting plugin AnimationSharing
LogPluginManager: Mounting plugin CLionSourceCodeAccess
LogPluginManager: Mounting plugin CodeLiteSourceCodeAccess
LogPluginManager: Mounting plugin GitSourceControl
LogPluginManager: Mounting plugin KDevelopSourceCodeAccess
LogPluginManager: Mounting plugin NullSourceCodeAccess
LogPluginManager: Mounting plugin PerforceSourceControl
LogPluginManager: Mounting plugin SubversionSourceControl
LogPluginManager: Mounting plugin UObjectPlugin
LogPluginManager: Mounting plugin VisualStudioCodeSourceCodeAccess
LogPluginManager: Mounting plugin VisualStudioSourceCodeAccess
LogPluginManager: Mounting plugin XCodeSourceCodeAccess
LogPluginManager: Mounting plugin AssetManagerEditor
LogPluginManager: Mounting plugin CryptoKeys
LogPluginManager: Mounting plugin CurveEditorTools
LogPluginManager: Mounting plugin DataValidation
LogPluginManager: Mounting plugin FacialAnimation
LogPluginManager: Mounting plugin GameplayTagsEditor
LogPluginManager: Mounting plugin MacGraphicsSwitching
LogPluginManager: Mounting plugin MaterialAnalyzer
LogPluginManager: Mounting plugin MobileLauncherProfileWizard
LogPluginManager: Mounting plugin PluginBrowser
LogPluginManager: Mounting plugin SpeedTreeImporter
LogPluginManager: Mounting plugin DatasmithContent
LogPluginManager: Mounting plugin VariantManagerContent
LogPluginManager: Mounting plugin AlembicImporter
LogPluginManager: Mounting plugin AutomationUtils
LogPluginManager: Mounting plugin BackChannel
LogPluginManager: Mounting plugin CharacterAI
LogPluginManager: Mounting plugin GeometryCache
LogPluginManager: Mounting plugin HTML5Networking
LogPluginManager: Mounting plugin PlatformCrypto
LogPluginManager: Mounting plugin ProxyLODPlugin
LogPluginManager: Mounting plugin SkeletalReduction
LogPluginManager: Mounting plugin MagicLeap
LogPluginManager: Mounting plugin MagicLeapMedia
LogPluginManager: Mounting plugin AndroidMedia
LogPluginManager: Mounting plugin AvfMedia
LogPluginManager: Mounting plugin ImgMedia
LogPluginManager: Mounting plugin MediaCompositing
LogPluginManager: Mounting plugin MediaPlayerEditor
LogPluginManager: Mounting plugin WebMMedia
LogPluginManager: Mounting plugin WmfMedia
LogPluginManager: Mounting plugin TcpMessaging
LogPluginManager: Mounting plugin UdpMessaging
LogPluginManager: Mounting plugin ActorSequence
LogPluginManager: Mounting plugin LevelSequenceEditor
LogPluginManager: Mounting plugin MatineeToLevelSequence
LogPluginManager: Mounting plugin NetcodeUnitTest
LogPluginManager: Mounting plugin NUTUnrealEngine4
LogPluginManager: Mounting plugin OnlineSubsystemGooglePlay
LogPluginManager: Mounting plugin OnlineSubsystemIOS
LogPluginManager: Mounting plugin OnlineSubsystem
LogPluginManager: Mounting plugin OnlineSubsystemNull
LogPluginManager: Mounting plugin OnlineSubsystemUtils
LogPluginManager: Mounting plugin LauncherChunkInstaller
LogPluginManager: Mounting plugin AndroidDeviceProfileSelector
LogPluginManager: Mounting plugin AndroidMoviePlayer
LogPluginManager: Mounting plugin AndroidPermission
LogPluginManager: Mounting plugin AppleImageUtils
LogPluginManager: Mounting plugin AppleMoviePlayer
LogPluginManager: Mounting plugin AppleARKit
LogPluginManager: Mounting plugin GoogleARCore
LogPluginManager: Mounting plugin ArchVisCharacter
LogPluginManager: Mounting plugin AudioCapture
LogPluginManager: Mounting plugin CableComponent
LogPluginManager: Mounting plugin CustomMeshComponent
LogPluginManager: Mounting plugin EditableMesh
LogPluginManager: Mounting plugin ExampleDeviceProfileSelector
LogPluginManager: Mounting plugin GoogleCloudMessaging
LogPluginManager: Mounting plugin IOSDeviceProfileSelector
LogPluginManager: Mounting plugin LinuxDeviceProfileSelector
LogPluginManager: Mounting plugin LocationServicesBPLibrary
LogPluginManager: Mounting plugin MobilePatchingUtils
LogPluginManager: Mounting plugin OculusVR
LogPluginManager: Mounting plugin PhysXVehicles
LogPluginManager: Mounting plugin ProceduralMeshComponent
LogPluginManager: Mounting plugin RuntimePhysXCooking
LogPluginManager: Mounting plugin SignificanceManager
LogPluginManager: Mounting plugin SteamVR
LogPluginManager: Mounting plugin WebMMoviePlayer
LogPluginManager: Mounting plugin WindowsMoviePlayer
LogPluginManager: Mounting plugin ScreenshotTools
LogPluginManager: Mounting plugin Takes
LogInit: Using libcurl 7.55.1-DEV
LogInit:  - built for x86_64-pc-win32
LogInit:  - supports SSL with OpenSSL/1.1.1
LogInit:  - supports HTTP deflate (compression) using libz 1.2.8
LogInit:  - other features:
LogInit:      CURL_VERSION_SSL
LogInit:      CURL_VERSION_LIBZ
LogInit:      CURL_VERSION_IPV6
LogInit:      CURL_VERSION_ASYNCHDNS
LogInit:      CURL_VERSION_LARGEFILE
LogInit:      CURL_VERSION_IDN
LogInit:  CurlRequestOptions (configurable via config and command line):
LogInit:  - bVerifyPeer = true  - Libcurl will verify peer certificate
LogInit:  - bUseHttpProxy = false  - Libcurl will NOT use HTTP proxy
LogInit:  - bDontReuseConnections = false  - Libcurl will reuse connections
LogInit:  - MaxHostConnections = 16  - Libcurl will limit the number of connections to a host
LogInit:  - LocalHostAddr = Default
LogInit:  - BufferSize = 65536
LogOnline: OSS: Creating online subsystem instance for: NULL
LogInit: WinSock: version 1.1 (2.2), MaxSocks=32767, MaxUdp=65467
LogInit: Build: ++UE4+Release-4.23-CL-9631420
LogInit: Engine Version: 4.23.1-9631420+++UE4+Release-4.23
LogInit: Compatible Engine Version: 4.23.0-8386587+++UE4+Release-4.23
LogInit: Net CL: 8386587
LogInit: OS: Windows 10 (Release 1903) (), CPU: Intel(R) Core(TM) i7-6500U CPU @ 2.50GHz, GPU: Intel(R) HD Graphics 520
LogInit: Compiled (64-bit): Oct 18 2019 02:07:44
LogInit: Compiled with Visual C++: 19.16.27030.01
LogInit: Build Configuration: Development
LogInit: Branch Name: ++UE4+Release-4.23
LogInit: Command Line: 
LogInit: Base Directory: C:/Program Files/Epic Games/UE_4.23/Engine/Binaries/Win64/
LogInit: Installed Engine Build: 1
LogDevObjectVersion: Number of dev versions registered: 23
LogDevObjectVersion:   Dev-Blueprints (B0D832E4-1F89-4F0D-ACCF-7EB736FD4AA2): 10
LogDevObjectVersion:   Dev-Build (E1C64328-A22C-4D53-A36C-8E866417BD8C): 0
LogDevObjectVersion:   Dev-Core (375EC13C-06E4-48FB-B500-84F0262A717E): 3
LogDevObjectVersion:   Dev-Editor (E4B068ED-F494-42E9-A231-DA0B2E46BB41): 34
LogDevObjectVersion:   Dev-Framework (CFFC743F-43B0-4480-9391-14DF171D2073): 35
LogDevObjectVersion:   Dev-Mobile (B02B49B5-BB20-44E9-A304-32B752E40360): 2
LogDevObjectVersion:   Dev-Networking (A4E4105C-59A1-49B5-A7C5-40C4547EDFEE): 0
LogDevObjectVersion:   Dev-Online (39C831C9-5AE6-47DC-9A44-9C173E1C8E7C): 0
LogDevObjectVersion:   Dev-Physics (78F01B33-EBEA-4F98-B9B4-84EACCB95AA2): 0
LogDevObjectVersion:   Dev-Platform (6631380F-2D4D-43E0-8009-CF276956A95A): 0
LogDevObjectVersion:   Dev-Rendering (12F88B9F-8875-4AFC-A67C-D90C383ABD29): 31
LogDevObjectVersion:   Dev-Sequencer (7B5AE74C-D270-4C10-A958-57980B212A5A): 11
LogDevObjectVersion:   Dev-VR (D7296918-1DD6-4BDD-9DE2-64A83CC13884): 2
LogDevObjectVersion:   Dev-LoadTimes (C2A15278-BFE7-4AFE-6C17-90FF531DF755): 1
LogDevObjectVersion:   Private-Geometry (6EACA3D4-40EC-4CC1-B786-8BED09428FC5): 3
LogDevObjectVersion:   Dev-AnimPhys (29E575DD-E0A3-4627-9D10-D276232CDCEA): 17
LogDevObjectVersion:   Dev-Anim (AF43A65D-7FD3-4947-9873-3E8ED9C1BB05): 2
LogDevObjectVersion:   Dev-ReflectionCapture (6B266CEC-1EC7-4B8F-A30B-E4D90942FC07): 1
LogDevObjectVersion:   Dev-Automation (0DF73D61-A23F-47EA-B727-89E90C41499A): 1
LogDevObjectVersion:   FortniteMain (601D1886-AC64-4F84-AA16-D3DE0DEAC7D6): 27
LogDevObjectVersion:   Dev-Enterprise (9DFFBCD6-494F-0158-E221-12823C92A888): 6
LogDevObjectVersion:   Dev-Niagara (F2AED0AC-9AFE-416F-8664-AA7FFA26D6FC): 1
LogDevObjectVersion:   Dev-Destruction (174F1F0B-B4C6-45A5-B13F-2EE8D0FB917D): 9
LogInit: Presizing for max 16777216 objects, including 0 objects not considered by GC, pre-allocating 0 bytes for permanent pool.
LogInit: Object subsystem initialized
LogConfig: Setting CVar [[con.DebugEarlyDefault:1]]
LogConfig: Setting CVar [[r.setres:1280x720]]
[2020.01.27-18.07.40:283][  0]LogConfig: Setting CVar [[r.VSync:0]]
[2020.01.27-18.07.40:283][  0]LogConfig: Setting CVar [[r.RHICmdBypass:0]]
[2020.01.27-18.07.40:283][  0]LogConfig: Applying CVar settings from Section [/Script/Engine.RendererSettings] File [C:/Users/Darica/Documents/Unreal Projects/ARTemplate/Saved/Config/Windows/Engine.ini]
[2020.01.27-18.07.40:283][  0]LogConfig: Setting CVar [[r.GPUCrashDebugging:0]]
[2020.01.27-18.07.40:283][  0]LogConfig: Setting CVar [[r.MobileHDR:1]]
[2020.01.27-18.07.40:283][  0]LogConfig: Setting CVar [[r.Mobile.DisableVertexFog:1]]
[2020.01.27-18.07.40:283][  0]LogConfig: Setting CVar [[r.Shadow.CSM.MaxMobileCascades:2]]
[2020.01.27-18.07.40:283][  0]LogConfig: Setting CVar [[r.MobileMSAA:1]]
[2020.01.27-18.07.40:283][  0]LogConfig: Setting CVar [[r.DiscardUnusedQuality:0]]
[2020.01.27-18.07.40:283][  0]LogConfig: Setting CVar [[r.AllowOcclusionQueries:1]]
[2020.01.27-18.07.40:283][  0]LogConfig: Setting CVar [[r.MinScreenRadiusForLights:0.030000]]
[2020.01.27-18.07.40:283][  0]LogConfig: Setting CVar [[r.MinScreenRadiusForDepthPrepass:0.030000]]
[2020.01.27-18.07.40:283][  0]LogConfig: Setting CVar [[r.MinScreenRadiusForCSMDepth:0.010000]]
[2020.01.27-18.07.40:283][  0]LogConfig: Setting CVar [[r.PrecomputedVisibilityWarning:0]]
[2020.01.27-18.07.40:283][  0]LogConfig: Setting CVar [[r.TextureStreaming:1]]
[2020.01.27-18.07.40:284][  0]LogConfig: Setting CVar [[Compat.UseDXT5NormalMaps:0]]
[2020.01.27-18.07.40:284][  0]LogConfig: Setting CVar [[r.ClearCoatNormal:0]]
[2020.01.27-18.07.40:284][  0]LogConfig: Setting CVar [[r.ReflectionCaptureResolution:128]]
[2020.01.27-18.07.40:284][  0]LogConfig: Setting CVar [[r.ReflectionEnvironmentLightmapMixBasedOnRoughness:1]]
[2020.01.27-18.07.40:284][  0]LogConfig: Setting CVar [[r.ForwardShading:0]]
[2020.01.27-18.07.40:284][  0]LogConfig: Setting CVar [[r.VertexFoggingForOpaque:1]]
[2020.01.27-18.07.40:284][  0]LogConfig: Setting CVar [[r.AllowStaticLighting:1]]
[2020.01.27-18.07.40:284][  0]LogConfig: Setting CVar [[r.NormalMapsForStaticLighting:0]]
[2020.01.27-18.07.40:284][  0]LogConfig: Setting CVar [[r.GenerateMeshDistanceFields:0]]
[2020.01.27-18.07.40:284][  0]LogConfig: Setting CVar [[r.DistanceFieldBuild.EightBit:0]]
[2020.01.27-18.07.40:284][  0]LogConfig: Setting CVar [[r.GenerateLandscapeGIData:0]]
[2020.01.27-18.07.40:284][  0]LogConfig: Setting CVar [[r.DistanceFieldBuild.Compress:0]]
[2020.01.27-18.07.40:284][  0]LogConfig: Setting CVar [[r.TessellationAdaptivePixelsPerTriangle:48.000000]]
[2020.01.27-18.07.40:284][  0]LogConfig: Setting CVar [[r.SeparateTranslucency:0]]
[2020.01.27-18.07.40:284][  0]LogConfig: Setting CVar [[r.TranslucentSortPolicy:0]]
[2020.01.27-18.07.40:284][  0]LogConfig: Setting CVar [[r.CustomDepth:1]]
[2020.01.27-18.07.40:284][  0]LogConfig: Setting CVar [[r.CustomDepthTemporalAAJitter:1]]
[2020.01.27-18.07.40:284][  0]LogConfig: Setting CVar [[r.PostProcessing.PropagateAlpha:0]]
[2020.01.27-18.07.40:284][  0]LogConfig: Setting CVar [[r.UsePreExposure:0]]
[2020.01.27-18.07.40:284][  0]LogConfig: Setting CVar [[r.DefaultFeature.Bloom:1]]
[2020.01.27-18.07.40:284][  0]LogConfig: Setting CVar [[r.DefaultFeature.AmbientOcclusion:0]]
[2020.01.27-18.07.40:284][  0]LogConfig: Setting CVar [[r.DefaultFeature.AmbientOcclusionStaticFraction:1]]
[2020.01.27-18.07.40:284][  0]LogConfig: Setting CVar [[r.DefaultFeature.AutoExposure:0]]
[2020.01.27-18.07.40:284][  0]LogConfig: Setting CVar [[r.DefaultFeature.AutoExposure.Method:0]]
[2020.01.27-18.07.40:284][  0]LogConfig: Setting CVar [[r.DefaultFeature.MotionBlur:0]]
[2020.01.27-18.07.40:284][  0]LogConfig: Setting CVar [[r.DefaultFeature.LensFlare:0]]
[2020.01.27-18.07.40:284][  0]LogConfig: Setting CVar [[r.TemporalAA.Upsampling:0]]
[2020.01.27-18.07.40:285][  0]LogConfig: Setting CVar [[r.DefaultFeature.AntiAliasing:0]]
[2020.01.27-18.07.40:285][  0]LogConfig: Setting CVar [[r.Shadow.UnbuiltPreviewInGame:1]]
[2020.01.27-18.07.40:285][  0]LogConfig: Setting CVar [[r.StencilForLODDither:0]]
[2020.01.27-18.07.40:285][  0]LogConfig: Setting CVar [[r.EarlyZPass:3]]
[2020.01.27-18.07.40:285][  0]LogConfig: Setting CVar [[r.EarlyZPassOnlyMaterialMasking:0]]
[2020.01.27-18.07.40:285][  0]LogConfig: Setting CVar [[r.DBuffer:1]]
[2020.01.27-18.07.40:285][  0]LogConfig: Setting CVar [[r.ClearSceneMethod:1]]
[2020.01.27-18.07.40:285][  0]LogConfig: Setting CVar [[r.BasePassOutputsVelocity:0]]
[2020.01.27-18.07.40:285][  0]LogConfig: Setting CVar [[r.SelectiveBasePassOutputs:0]]
[2020.01.27-18.07.40:285][  0]LogConfig: Setting CVar [[r.AllowGlobalClipPlane:0]]
[2020.01.27-18.07.40:285][  0]LogConfig: Setting CVar [[r.GBufferFormat:1]]
[2020.01.27-18.07.40:285][  0]LogConfig: Setting CVar [[r.MorphTarget.Mode:1]]
[2020.01.27-18.07.40:285][  0]LogConfig: Setting CVar [[vr.InstancedStereo:0]]
[2020.01.27-18.07.40:285][  0]LogConfig: Setting CVar [[vr.MultiView:0]]
[2020.01.27-18.07.40:285][  0]LogConfig: Setting CVar [[vr.MobileMultiView:0]]
[2020.01.27-18.07.40:285][  0]LogConfig: Setting CVar [[vr.MobileMultiView.Direct:0]]
[2020.01.27-18.07.40:285][  0]LogConfig: Setting CVar [[r.WireframeCullThreshold:5.000000]]
[2020.01.27-18.07.40:285][  0]LogConfig: Setting CVar [[r.SupportStationarySkylight:1]]
[2020.01.27-18.07.40:285][  0]LogConfig: Setting CVar [[r.SupportLowQualityLightmaps:1]]
[2020.01.27-18.07.40:285][  0]LogConfig: Setting CVar [[r.SupportPointLightWholeSceneShadows:1]]
[2020.01.27-18.07.40:285][  0]LogConfig: Setting CVar [[r.SupportAtmosphericFog:1]]
[2020.01.27-18.07.40:285][  0]LogConfig: Setting CVar [[r.SkinCache.CompileShaders:0]]
[2020.01.27-18.07.40:285][  0]LogConfig: Setting CVar [[r.Mobile.EnableStaticAndCSMShadowReceivers:1]]
[2020.01.27-18.07.40:285][  0]LogConfig: Setting CVar [[r.Mobile.EnableMovableLightCSMShaderCulling:1]]
[2020.01.27-18.07.40:285][  0]LogConfig: Setting CVar [[r.Mobile.AllowDistanceFieldShadows:1]]
[2020.01.27-18.07.40:286][  0]LogConfig: Setting CVar [[r.Mobile.AllowMovableDirectionalLights:1]]
[2020.01.27-18.07.40:286][  0]LogConfig: Setting CVar [[r.MobileNumDynamicPointLights:4]]
[2020.01.27-18.07.40:286][  0]LogConfig: Setting CVar [[r.MobileDynamicPointLightsUseStaticBranch:1]]
[2020.01.27-18.07.40:286][  0]LogConfig: Setting CVar [[r.SkinCache.SceneMemoryLimitInMB:128.000000]]
[2020.01.27-18.07.40:286][  0]LogConfig: Setting CVar [[r.GPUSkin.Limit2BoneInfluences:0]]
[2020.01.27-18.07.40:286][  0]LogConfig: Setting CVar [[r.SupportDepthOnlyIndexBuffers:1]]
[2020.01.27-18.07.40:286][  0]LogConfig: Setting CVar [[r.SupportReversedIndexBuffers:1]]
[2020.01.27-18.07.40:286][  0]LogConfig: Applying CVar settings from Section [/Script/Engine.RendererOverrideSettings] File [C:/Users/Darica/Documents/Unreal Projects/ARTemplate/Saved/Config/Windows/Engine.ini]
[2020.01.27-18.07.40:286][  0]LogConfig: Applying CVar settings from Section [/Script/Engine.StreamingSettings] File [C:/Users/Darica/Documents/Unreal Projects/ARTemplate/Saved/Config/Windows/Engine.ini]
[2020.01.27-18.07.40:286][  0]LogConfig: Setting CVar [[s.MinBulkDataSizeForAsyncLoading:131072]]
[2020.01.27-18.07.40:286][  0]LogConfig: Setting CVar [[s.AsyncLoadingThreadEnabled:0]]
[2020.01.27-18.07.40:286][  0]LogConfig: Setting CVar [[s.EventDrivenLoaderEnabled:1]]
[2020.01.27-18.07.40:286][  0]LogConfig: Setting CVar [[s.WarnIfTimeLimitExceeded:0]]
[2020.01.27-18.07.40:286][  0]LogConfig: Setting CVar [[s.TimeLimitExceededMultiplier:1.5]]
[2020.01.27-18.07.40:286][  0]LogConfig: Setting CVar [[s.TimeLimitExceededMinTime:0.005]]
[2020.01.27-18.07.40:286][  0]LogConfig: Setting CVar [[s.UseBackgroundLevelStreaming:1]]
[2020.01.27-18.07.40:286][  0]LogConfig: Setting CVar [[s.PriorityAsyncLoadingExtraTime:15.0]]
[2020.01.27-18.07.40:286][  0]LogConfig: Setting CVar [[s.LevelStreamingActorsUpdateTimeLimit:5.0]]
[2020.01.27-18.07.40:286][  0]LogConfig: Setting CVar [[s.PriorityLevelStreamingActorsUpdateExtraTime:5.0]]
[2020.01.27-18.07.40:286][  0]LogConfig: Setting CVar [[s.LevelStreamingComponentsRegistrationGranularity:10]]
[2020.01.27-18.07.40:286][  0]LogConfig: Setting CVar [[s.UnregisterComponentsTimeLimit:1.0]]
[2020.01.27-18.07.40:286][  0]LogConfig: Setting CVar [[s.LevelStreamingComponentsUnregistrationGranularity:5]]
[2020.01.27-18.07.40:287][  0]LogConfig: Applying CVar settings from Section [/Script/Engine.GarbageCollectionSettings] File [C:/Users/Darica/Documents/Unreal Projects/ARTemplate/Saved/Config/Windows/Engine.ini]
[2020.01.27-18.07.40:287][  0]LogConfig: Setting CVar [[gc.MaxObjectsNotConsideredByGC:1]]
[2020.01.27-18.07.40:287][  0]LogConfig: Setting CVar [[gc.SizeOfPermanentObjectPool:0]]
[2020.01.27-18.07.40:287][  0]LogConfig: Setting CVar [[gc.FlushStreamingOnGC:0]]
[2020.01.27-18.07.40:287][  0]LogConfig: Setting CVar [[gc.NumRetriesBeforeForcingGC:10]]
[2020.01.27-18.07.40:287][  0]LogConfig: Setting CVar [[gc.AllowParallelGC:1]]
[2020.01.27-18.07.40:287][  0]LogConfig: Setting CVar [[gc.TimeBetweenPurgingPendingKillObjects:61.1]]
[2020.01.27-18.07.40:287][  0]LogConfig: Setting CVar [[gc.MaxObjectsInEditor:16777216]]
[2020.01.27-18.07.40:287][  0]LogConfig: Setting CVar [[gc.IncrementalBeginDestroyEnabled:1]]
[2020.01.27-18.07.40:287][  0]LogConfig: Setting CVar [[gc.CreateGCClusters:1]]
[2020.01.27-18.07.40:287][  0]LogConfig: Setting CVar [[gc.MinGCClusterSize:5]]
[2020.01.27-18.07.40:287][  0]LogConfig: Setting CVar [[gc.ActorClusteringEnabled:0]]
[2020.01.27-18.07.40:287][  0]LogConfig: Setting CVar [[gc.BlueprintClusteringEnabled:0]]
[2020.01.27-18.07.40:287][  0]LogConfig: Setting CVar [[gc.UseDisregardForGCOnDedicatedServers:0]]
[2020.01.27-18.07.40:287][  0]LogConfig: Applying CVar settings from Section [/Script/Engine.NetworkSettings] File [C:/Users/Darica/Documents/Unreal Projects/ARTemplate/Saved/Config/Windows/Engine.ini]
[2020.01.27-18.07.40:287][  0]LogConfig: Applying CVar settings from Section [/Script/UnrealEd.CookerSettings] File [C:/Users/Darica/Documents/Unreal Projects/ARTemplate/Saved/Config/Windows/Engine.ini]
[2020.01.27-18.07.40:293][  0]LogConfig: Applying CVar settings from Section [ViewDistanceQuality@3] File [C:/Users/Darica/Documents/Unreal Projects/ARTemplate/Saved/Config/Windows/Scalability.ini]
[2020.01.27-18.07.40:293][  0]LogConfig: Setting CVar [[r.SkeletalMeshLODBias:0]]
[2020.01.27-18.07.40:293][  0]LogConfig: Setting CVar [[r.ViewDistanceScale:1.0]]
[2020.01.27-18.07.40:293][  0]LogConfig: Applying CVar settings from Section [AntiAliasingQuality@3] File [C:/Users/Darica/Documents/Unreal Projects/ARTemplate/Saved/Config/Windows/Scalability.ini]
[2020.01.27-18.07.40:293][  0]LogConfig: Setting CVar [[r.PostProcessAAQuality:4]]
[2020.01.27-18.07.40:293][  0]LogConfig: Applying CVar settings from Section [ShadowQuality@3] File [C:/Users/Darica/Documents/Unreal Projects/ARTemplate/Saved/Config/Windows/Scalability.ini]
[2020.01.27-18.07.40:294][  0]LogConfig: Setting CVar [[r.LightFunctionQuality:1]]
[2020.01.27-18.07.40:294][  0]LogConfig: Setting CVar [[r.ShadowQuality:5]]
[2020.01.27-18.07.40:294][  0]LogConfig: Setting CVar [[r.Shadow.CSM.MaxCascades:10]]
[2020.01.27-18.07.40:294][  0]LogConfig: Setting CVar [[r.Shadow.MaxResolution:2048]]
[2020.01.27-18.07.40:294][  0]LogConfig: Setting CVar [[r.Shadow.MaxCSMResolution:2048]]
[2020.01.27-18.07.40:294][  0]LogConfig: Setting CVar [[r.Shadow.RadiusThreshold:0.01]]
[2020.01.27-18.07.40:294][  0]LogConfig: Setting CVar [[r.Shadow.DistanceScale:1.0]]
[2020.01.27-18.07.40:294][  0]LogConfig: Setting CVar [[r.Shadow.CSM.TransitionScale:1.0]]
[2020.01.27-18.07.40:294][  0]LogConfig: Setting CVar [[r.Shadow.PreShadowResolutionFactor:1.0]]
[2020.01.27-18.07.40:294][  0]LogConfig: Setting CVar [[r.DistanceFieldShadowing:1]]
[2020.01.27-18.07.40:294][  0]LogConfig: Setting CVar [[r.DistanceFieldAO:1]]
[2020.01.27-18.07.40:294][  0]LogConfig: Setting CVar [[r.AOQuality:2]]
[2020.01.27-18.07.40:294][  0]LogConfig: Setting CVar [[r.VolumetricFog:1]]
[2020.01.27-18.07.40:294][  0]LogConfig: Setting CVar [[r.VolumetricFog.GridPixelSize:8]]
[2020.01.27-18.07.40:294][  0]LogConfig: Setting CVar [[r.VolumetricFog.GridSizeZ:128]]
[2020.01.27-18.07.40:294][  0]LogConfig: Setting CVar [[r.VolumetricFog.HistoryMissSupersampleCount:4]]
[2020.01.27-18.07.40:294][  0]LogConfig: Setting CVar [[r.LightMaxDrawDistanceScale:1]]
[2020.01.27-18.07.40:294][  0]LogConfig: Setting CVar [[r.CapsuleShadows:1]]
[2020.01.27-18.07.40:294][  0]LogConfig: Applying CVar settings from Section [PostProcessQuality@3] File [C:/Users/Darica/Documents/Unreal Projects/ARTemplate/Saved/Config/Windows/Scalability.ini]
[2020.01.27-18.07.40:294][  0]LogConfig: Setting CVar [[r.MotionBlurQuality:4]]
[2020.01.27-18.07.40:294][  0]LogConfig: Setting CVar [[r.AmbientOcclusionMipLevelFactor:0.4]]
[2020.01.27-18.07.40:294][  0]LogConfig: Setting CVar [[r.AmbientOcclusionMaxQuality:100]]
[2020.01.27-18.07.40:294][  0]LogConfig: Setting CVar [[r.AmbientOcclusionLevels:-1]]
[2020.01.27-18.07.40:294][  0]LogConfig: Setting CVar [[r.AmbientOcclusionRadiusScale:1.0]]
[2020.01.27-18.07.40:294][  0]LogConfig: Setting CVar [[r.DepthOfFieldQuality:2]]
[2020.01.27-18.07.40:294][  0]LogConfig: Setting CVar [[r.RenderTargetPoolMin:400]]
[2020.01.27-18.07.40:295][  0]LogConfig: Setting CVar [[r.LensFlareQuality:2]]
[2020.01.27-18.07.40:295][  0]LogConfig: Setting CVar [[r.SceneColorFringeQuality:1]]
[2020.01.27-18.07.40:295][  0]LogConfig: Setting CVar [[r.EyeAdaptationQuality:2]]
[2020.01.27-18.07.40:295][  0]LogConfig: Setting CVar [[r.BloomQuality:5]]
[2020.01.27-18.07.40:295][  0]LogConfig: Setting CVar [[r.FastBlurThreshold:100]]
[2020.01.27-18.07.40:295][  0]LogConfig: Setting CVar [[r.Upscale.Quality:3]]
[2020.01.27-18.07.40:295][  0]LogConfig: Setting CVar [[r.Tonemapper.GrainQuantization:1]]
[2020.01.27-18.07.40:295][  0]LogConfig: Setting CVar [[r.LightShaftQuality:1]]
[2020.01.27-18.07.40:295][  0]LogConfig: Setting CVar [[r.Filter.SizeScale:1]]
[2020.01.27-18.07.40:295][  0]LogConfig: Setting CVar [[r.Tonemapper.Quality:5]]
[2020.01.27-18.07.40:295][  0]LogConfig: Setting CVar [[r.DOF.Gather.AccumulatorQuality:1        ; higher gathering accumulator quality]]
[2020.01.27-18.07.40:295][  0]LogConfig: Setting CVar [[r.DOF.Gather.PostfilterMethod:1          ; Median3x3 postfilering method]]
[2020.01.27-18.07.40:295][  0]LogConfig: Setting CVar [[r.DOF.Gather.EnableBokehSettings:0       ; no bokeh simulation when gathering]]
[2020.01.27-18.07.40:295][  0]LogConfig: Setting CVar [[r.DOF.Gather.RingCount:4                 ; medium number of samples when gathering]]
[2020.01.27-18.07.40:295][  0]LogConfig: Setting CVar [[r.DOF.Scatter.ForegroundCompositing:1    ; additive foreground scattering]]
[2020.01.27-18.07.40:295][  0]LogConfig: Setting CVar [[r.DOF.Scatter.BackgroundCompositing:2    ; additive background scattering]]
[2020.01.27-18.07.40:295][  0]LogConfig: Setting CVar [[r.DOF.Scatter.EnableBokehSettings:1      ; bokeh simulation when scattering]]
[2020.01.27-18.07.40:295][  0]LogConfig: Setting CVar [[r.DOF.Scatter.MaxSpriteRatio:0.1         ; only a maximum of 10% of scattered bokeh]]
[2020.01.27-18.07.40:295][  0]LogConfig: Setting CVar [[r.DOF.Recombine.Quality:1                ; cheap slight out of focus]]
[2020.01.27-18.07.40:295][  0]LogConfig: Setting CVar [[r.DOF.Recombine.EnableBokehSettings:0    ; no bokeh simulation on slight out of focus]]
[2020.01.27-18.07.40:295][  0]LogConfig: Setting CVar [[r.DOF.TemporalAAQuality:1                ; more stable temporal accumulation]]
[2020.01.27-18.07.40:295][  0]LogConfig: Setting CVar [[r.DOF.Kernel.MaxForegroundRadius:0.025]]
[2020.01.27-18.07.40:295][  0]LogConfig: Setting CVar [[r.DOF.Kernel.MaxBackgroundRadius:0.025]]
[2020.01.27-18.07.40:295][  0]LogConfig: Applying CVar settings from Section [TextureQuality@3] File [C:/Users/Darica/Documents/Unreal Projects/ARTemplate/Saved/Config/Windows/Scalability.ini]
[2020.01.27-18.07.40:295][  0]LogConfig: Setting CVar [[r.Streaming.MipBias:0]]
[2020.01.27-18.07.40:296][  0]LogConfig: Setting CVar [[r.Streaming.AmortizeCPUToGPUCopy:0]]
[2020.01.27-18.07.40:296][  0]LogConfig: Setting CVar [[r.Streaming.MaxNumTexturesToStreamPerFrame:0]]
[2020.01.27-18.07.40:296][  0]LogConfig: Setting CVar [[r.Streaming.Boost:1]]
[2020.01.27-18.07.40:296][  0]LogConfig: Setting CVar [[r.MaxAnisotropy:8]]
[2020.01.27-18.07.40:296][  0]LogConfig: Setting CVar [[r.Streaming.LimitPoolSizeToVRAM:0]]
[2020.01.27-18.07.40:296][  0]LogConfig: Setting CVar [[r.Streaming.PoolSize:1000]]
[2020.01.27-18.07.40:296][  0]LogConfig: Setting CVar [[r.Streaming.MaxEffectiveScreenSize:0]]
[2020.01.27-18.07.40:296][  0]LogConfig: Applying CVar settings from Section [EffectsQuality@3] File [C:/Users/Darica/Documents/Unreal Projects/ARTemplate/Saved/Config/Windows/Scalability.ini]
[2020.01.27-18.07.40:296][  0]LogConfig: Setting CVar [[r.TranslucencyLightingVolumeDim:64]]
[2020.01.27-18.07.40:296][  0]LogConfig: Setting CVar [[r.RefractionQuality:2]]
[2020.01.27-18.07.40:296][  0]LogConfig: Setting CVar [[r.SSR.Quality:3]]
[2020.01.27-18.07.40:296][  0]LogConfig: Setting CVar [[r.SceneColorFormat:4]]
[2020.01.27-18.07.40:296][  0]LogConfig: Setting CVar [[r.DetailMode:2]]
[2020.01.27-18.07.40:296][  0]LogConfig: Setting CVar [[r.TranslucencyVolumeBlur:1]]
[2020.01.27-18.07.40:296][  0]LogConfig: Setting CVar [[r.MaterialQualityLevel:1 ; High quality]]
[2020.01.27-18.07.40:296][  0]LogConfig: Setting CVar [[r.SSS.Scale:1]]
[2020.01.27-18.07.40:296][  0]LogConfig: Setting CVar [[r.SSS.SampleSet:2]]
[2020.01.27-18.07.40:296][  0]LogConfig: Setting CVar [[r.SSS.Quality:1]]
[2020.01.27-18.07.40:296][  0]LogConfig: Setting CVar [[r.SSS.HalfRes:1]]
[2020.01.27-18.07.40:296][  0]LogConfig: Setting CVar [[r.EmitterSpawnRateScale:1.0]]
[2020.01.27-18.07.40:296][  0]LogConfig: Setting CVar [[r.ParticleLightQuality:2]]
[2020.01.27-18.07.40:296][  0]LogConfig: Applying CVar settings from Section [FoliageQuality@3] File [C:/Users/Darica/Documents/Unreal Projects/ARTemplate/Saved/Config/Windows/Scalability.ini]
[2020.01.27-18.07.40:296][  0]LogConfig: Setting CVar [[foliage.DensityScale:1.0]]
[2020.01.27-18.07.40:296][  0]LogConfig: Setting CVar [[grass.DensityScale:1.0]]
[2020.01.27-18.07.40:297][  0]LogInit: Selected Device Profile: [Windows]
[2020.01.27-18.07.40:297][  0]LogInit: Applying CVar settings loaded from the selected device profile: [Windows]
[2020.01.27-18.07.40:316][  0]LogHAL: Display: Platform has ~ 8 GB [8483405824 / 8589934592 / 8], which maps to Default [LargestMinGB=32, LargerMinGB=12, DefaultMinGB=8, SmallerMinGB=6, SmallestMinGB=0)
[2020.01.27-18.07.40:316][  0]LogInit: Going up to parent DeviceProfile []
[2020.01.27-18.07.40:316][  0]LogConfig: Applying CVar settings from Section [ViewDistanceQuality@3] File [C:/Users/Darica/Documents/Unreal Projects/ARTemplate/Saved/Config/Windows/Scalability.ini]
[2020.01.27-18.07.40:316][  0]LogConfig: Setting CVar [[r.SkeletalMeshLODBias:0]]
[2020.01.27-18.07.40:316][  0]LogConfig: Setting CVar [[r.ViewDistanceScale:1.0]]
[2020.01.27-18.07.40:316][  0]LogConfig: Applying CVar settings from Section [AntiAliasingQuality@3] File [C:/Users/Darica/Documents/Unreal Projects/ARTemplate/Saved/Config/Windows/Scalability.ini]
[2020.01.27-18.07.40:316][  0]LogConfig: Setting CVar [[r.PostProcessAAQuality:4]]
[2020.01.27-18.07.40:316][  0]LogConfig: Applying CVar settings from Section [ShadowQuality@3] File [C:/Users/Darica/Documents/Unreal Projects/ARTemplate/Saved/Config/Windows/Scalability.ini]
[2020.01.27-18.07.40:317][  0]LogConfig: Setting CVar [[r.LightFunctionQuality:1]]
[2020.01.27-18.07.40:318][  0]LogConfig: Setting CVar [[r.ShadowQuality:5]]
[2020.01.27-18.07.40:318][  0]LogConfig: Setting CVar [[r.Shadow.CSM.MaxCascades:10]]
[2020.01.27-18.07.40:318][  0]LogConfig: Setting CVar [[r.Shadow.MaxResolution:2048]]
[2020.01.27-18.07.40:318][  0]LogConfig: Setting CVar [[r.Shadow.MaxCSMResolution:2048]]
[2020.01.27-18.07.40:318][  0]LogConfig: Setting CVar [[r.Shadow.RadiusThreshold:0.01]]
[2020.01.27-18.07.40:318][  0]LogConfig: Setting CVar [[r.Shadow.DistanceScale:1.0]]
[2020.01.27-18.07.40:318][  0]LogConfig: Setting CVar [[r.Shadow.CSM.TransitionScale:1.0]]
[2020.01.27-18.07.40:318][  0]LogConfig: Setting CVar [[r.Shadow.PreShadowResolutionFactor:1.0]]
[2020.01.27-18.07.40:318][  0]LogConfig: Setting CVar [[r.DistanceFieldShadowing:1]]
[2020.01.27-18.07.40:318][  0]LogConfig: Setting CVar [[r.DistanceFieldAO:1]]
[2020.01.27-18.07.40:318][  0]LogConfig: Setting CVar [[r.AOQuality:2]]
[2020.01.27-18.07.40:318][  0]LogConfig: Setting CVar [[r.VolumetricFog:1]]
[2020.01.27-18.07.40:318][  0]LogConfig: Setting CVar [[r.VolumetricFog.GridPixelSize:8]]
[2020.01.27-18.07.40:318][  0]LogConfig: Setting CVar [[r.VolumetricFog.GridSizeZ:128]]
[2020.01.27-18.07.40:318][  0]LogConfig: Setting CVar [[r.VolumetricFog.HistoryMissSupersampleCount:4]]
[2020.01.27-18.07.40:318][  0]LogConfig: Setting CVar [[r.LightMaxDrawDistanceScale:1]]
[2020.01.27-18.07.40:318][  0]LogConfig: Setting CVar [[r.CapsuleShadows:1]]
[2020.01.27-18.07.40:318][  0]LogConfig: Applying CVar settings from Section [PostProcessQuality@3] File [C:/Users/Darica/Documents/Unreal Projects/ARTemplate/Saved/Config/Windows/Scalability.ini]
[2020.01.27-18.07.40:318][  0]LogConfig: Setting CVar [[r.MotionBlurQuality:4]]
[2020.01.27-18.07.40:318][  0]LogConfig: Setting CVar [[r.AmbientOcclusionMipLevelFactor:0.4]]
[2020.01.27-18.07.40:318][  0]LogConfig: Setting CVar [[r.AmbientOcclusionMaxQuality:100]]
[2020.01.27-18.07.40:318][  0]LogConfig: Setting CVar [[r.AmbientOcclusionLevels:-1]]
[2020.01.27-18.07.40:318][  0]LogConfig: Setting CVar [[r.AmbientOcclusionRadiusScale:1.0]]
[2020.01.27-18.07.40:318][  0]LogConfig: Setting CVar [[r.DepthOfFieldQuality:2]]
[2020.01.27-18.07.40:318][  0]LogConfig: Setting CVar [[r.RenderTargetPoolMin:400]]
[2020.01.27-18.07.40:318][  0]LogConfig: Setting CVar [[r.LensFlareQuality:2]]
[2020.01.27-18.07.40:318][  0]LogConfig: Setting CVar [[r.SceneColorFringeQuality:1]]
[2020.01.27-18.07.40:318][  0]LogConfig: Setting CVar [[r.EyeAdaptationQuality:2]]
[2020.01.27-18.07.40:318][  0]LogConfig: Setting CVar [[r.BloomQuality:5]]
[2020.01.27-18.07.40:318][  0]LogConfig: Setting CVar [[r.FastBlurThreshold:100]]
[2020.01.27-18.07.40:318][  0]LogConfig: Setting CVar [[r.Upscale.Quality:3]]
[2020.01.27-18.07.40:318][  0]LogConfig: Setting CVar [[r.Tonemapper.GrainQuantization:1]]
[2020.01.27-18.07.40:318][  0]LogConfig: Setting CVar [[r.LightShaftQuality:1]]
[2020.01.27-18.07.40:318][  0]LogConfig: Setting CVar [[r.Filter.SizeScale:1]]
[2020.01.27-18.07.40:318][  0]LogConfig: Setting CVar [[r.Tonemapper.Quality:5]]
[2020.01.27-18.07.40:318][  0]LogConfig: Setting CVar [[r.DOF.Gather.AccumulatorQuality:1        ; higher gathering accumulator quality]]
[2020.01.27-18.07.40:318][  0]LogConfig: Setting CVar [[r.DOF.Gather.PostfilterMethod:1          ; Median3x3 postfilering method]]
[2020.01.27-18.07.40:318][  0]LogConfig: Setting CVar [[r.DOF.Gather.EnableBokehSettings:0       ; no bokeh simulation when gathering]]
[2020.01.27-18.07.40:318][  0]LogConfig: Setting CVar [[r.DOF.Gather.RingCount:4                 ; medium number of samples when gathering]]
[2020.01.27-18.07.40:318][  0]LogConfig: Setting CVar [[r.DOF.Scatter.ForegroundCompositing:1    ; additive foreground scattering]]
[2020.01.27-18.07.40:318][  0]LogConfig: Setting CVar [[r.DOF.Scatter.BackgroundCompositing:2    ; additive background scattering]]
[2020.01.27-18.07.40:318][  0]LogConfig: Setting CVar [[r.DOF.Scatter.EnableBokehSettings:1      ; bokeh simulation when scattering]]
[2020.01.27-18.07.40:318][  0]LogConfig: Setting CVar [[r.DOF.Scatter.MaxSpriteRatio:0.1         ; only a maximum of 10% of scattered bokeh]]
[2020.01.27-18.07.40:318][  0]LogConfig: Setting CVar [[r.DOF.Recombine.Quality:1                ; cheap slight out of focus]]
[2020.01.27-18.07.40:318][  0]LogConfig: Setting CVar [[r.DOF.Recombine.EnableBokehSettings:0    ; no bokeh simulation on slight out of focus]]
[2020.01.27-18.07.40:318][  0]LogConfig: Setting CVar [[r.DOF.TemporalAAQuality:1                ; more stable temporal accumulation]]
[2020.01.27-18.07.40:318][  0]LogConfig: Setting CVar [[r.DOF.Kernel.MaxForegroundRadius:0.025]]
[2020.01.27-18.07.40:318][  0]LogConfig: Setting CVar [[r.DOF.Kernel.MaxBackgroundRadius:0.025]]
[2020.01.27-18.07.40:318][  0]LogConfig: Applying CVar settings from Section [TextureQuality@3] File [C:/Users/Darica/Documents/Unreal Projects/ARTemplate/Saved/Config/Windows/Scalability.ini]
[2020.01.27-18.07.40:319][  0]LogConfig: Setting CVar [[r.Streaming.MipBias:0]]
[2020.01.27-18.07.40:320][  0]LogConfig: Setting CVar [[r.Streaming.AmortizeCPUToGPUCopy:0]]
[2020.01.27-18.07.40:320][  0]LogConfig: Setting CVar [[r.Streaming.MaxNumTexturesToStreamPerFrame:0]]
[2020.01.27-18.07.40:320][  0]LogConfig: Setting CVar [[r.Streaming.Boost:1]]
[2020.01.27-18.07.40:320][  0]LogConfig: Setting CVar [[r.MaxAnisotropy:8]]
[2020.01.27-18.07.40:320][  0]LogConfig: Setting CVar [[r.Streaming.LimitPoolSizeToVRAM:0]]
[2020.01.27-18.07.40:320][  0]LogConfig: Setting CVar [[r.Streaming.PoolSize:1000]]
[2020.01.27-18.07.40:320][  0]LogConfig: Setting CVar [[r.Streaming.MaxEffectiveScreenSize:0]]
[2020.01.27-18.07.40:320][  0]LogConfig: Applying CVar settings from Section [EffectsQuality@3] File [C:/Users/Darica/Documents/Unreal Projects/ARTemplate/Saved/Config/Windows/Scalability.ini]
[2020.01.27-18.07.40:320][  0]LogConfig: Setting CVar [[r.TranslucencyLightingVolumeDim:64]]
[2020.01.27-18.07.40:320][  0]LogConfig: Setting CVar [[r.RefractionQuality:2]]
[2020.01.27-18.07.40:320][  0]LogConfig: Setting CVar [[r.SSR.Quality:3]]
[2020.01.27-18.07.40:320][  0]LogConfig: Setting CVar [[r.SceneColorFormat:4]]
[2020.01.27-18.07.40:320][  0]LogConfig: Setting CVar [[r.DetailMode:2]]
[2020.01.27-18.07.40:320][  0]LogConfig: Setting CVar [[r.TranslucencyVolumeBlur:1]]
[2020.01.27-18.07.40:320][  0]LogConfig: Setting CVar [[r.MaterialQualityLevel:1 ; High quality]]
[2020.01.27-18.07.40:320][  0]LogConfig: Setting CVar [[r.SSS.Scale:1]]
[2020.01.27-18.07.40:320][  0]LogConfig: Setting CVar [[r.SSS.SampleSet:2]]
[2020.01.27-18.07.40:320][  0]LogConfig: Setting CVar [[r.SSS.Quality:1]]
[2020.01.27-18.07.40:320][  0]LogConfig: Setting CVar [[r.SSS.HalfRes:1]]
[2020.01.27-18.07.40:320][  0]LogConfig: Setting CVar [[r.EmitterSpawnRateScale:1.0]]
[2020.01.27-18.07.40:320][  0]LogConfig: Setting CVar [[r.ParticleLightQuality:2]]
[2020.01.27-18.07.40:320][  0]LogConfig: Applying CVar settings from Section [FoliageQuality@3] File [C:/Users/Darica/Documents/Unreal Projects/ARTemplate/Saved/Config/Windows/Scalability.ini]
[2020.01.27-18.07.40:320][  0]LogConfig: Setting CVar [[foliage.DensityScale:1.0]]
[2020.01.27-18.07.40:320][  0]LogConfig: Setting CVar [[grass.DensityScale:1.0]]
[2020.01.27-18.07.40:320][  0]LogConfig: Applying CVar settings from Section [Startup] File [../../../Engine/Config/ConsoleVariables.ini]
[2020.01.27-18.07.40:320][  0]LogConfig: Setting CVar [[net.UseAdaptiveNetUpdateFrequency:0]]
[2020.01.27-18.07.40:320][  0]LogConfig: Setting CVar [[p.chaos.AllowCreatePhysxBodies:1]]
[2020.01.27-18.07.40:320][  0]LogConfig: Applying CVar settings from Section [ConsoleVariables] File [C:/Users/Darica/Documents/Unreal Projects/ARTemplate/Saved/Config/Windows/Engine.ini]
[2020.01.27-18.07.40:320][  0]LogInit: Computer: DESKTOP-83S7T9K
[2020.01.27-18.07.40:320][  0]LogInit: User: Darica
[2020.01.27-18.07.40:321][  0]LogInit: CPU Page size=4096, Cores=2
[2020.01.27-18.07.40:321][  0]LogInit: High frequency timer resolution =10.000000 MHz
[2020.01.27-18.07.40:321][  0]LogMemory: Memory total: Physical=7.9GB (8GB approx)
[2020.01.27-18.07.40:321][  0]LogMemory: Platform Memory Stats for Windows
[2020.01.27-18.07.40:321][  0]LogMemory: Process Physical Memory: 101.27 MB used, 101.27 MB peak
[2020.01.27-18.07.40:321][  0]LogMemory: Process Virtual Memory: 100.11 MB used, 100.11 MB peak
[2020.01.27-18.07.40:321][  0]LogMemory: Physical Memory: 7163.23 MB used,  927.17 MB free, 8090.41 MB total
[2020.01.27-18.07.40:321][  0]LogMemory: Virtual Memory: 4654.13 MB used,  134213072.00 MB free, 134217728.00 MB total
[2020.01.27-18.07.40:330][  0]LogWindows: WindowsPlatformFeatures enabled
[2020.01.27-18.07.40:388][  0]LogInit: Using OS detected language (en-US).
[2020.01.27-18.07.40:388][  0]LogInit: Using OS detected locale (en-US).
[2020.01.27-18.07.40:390][  0]LogTextLocalizationManager: No specific localization for 'en-US' exists, so the 'en' localization will be used.
[2020.01.27-18.07.40:747][  0]LogInit: Setting process to per monitor DPI aware
[2020.01.27-18.07.40:810][  0]LogSlate: New Slate User Created.  User Index 0, Is Virtual User: 0
[2020.01.27-18.07.40:810][  0]LogSlate: Slate User Registered.  User Index 0, Is Virtual User: 0
[2020.01.27-18.07.41:090][  0]LogHMD: Failed to initialize OpenVR with code 110
[2020.01.27-18.07.41:090][  0]LogD3D11RHI: D3D11 adapters:
[2020.01.27-18.07.41:100][  0]LogD3D11RHI:    0. 'Intel(R) HD Graphics 520' (Feature Level 11_0)
[2020.01.27-18.07.41:100][  0]LogD3D11RHI:       128/0/4045 MB DedicatedVideo/DedicatedSystem/SharedSystem, Outputs:1, VendorId:0x8086
[2020.01.27-18.07.41:103][  0]LogD3D11RHI:    1. 'Microsoft Basic Render Driver' (Feature Level 11_0)
[2020.01.27-18.07.41:103][  0]LogD3D11RHI:       0/0/4045 MB DedicatedVideo/DedicatedSystem/SharedSystem, Outputs:0, VendorId:0x1414
[2020.01.27-18.07.41:103][  0]LogD3D11RHI: Chosen D3D11 Adapter: 0
[2020.01.27-18.07.41:113][  0]LogD3D11RHI: Creating new Direct3DDevice
[2020.01.27-18.07.41:114][  0]LogD3D11RHI:     GPU DeviceId: 0x1916 (for the marketing name, search the web for "GPU Device Id")
[2020.01.27-18.07.41:114][  0]LogWindows: EnumDisplayDevices:
[2020.01.27-18.07.41:114][  0]LogWindows:    0. 'Intel(R) HD Graphics 520' (P:1 D:1)
[2020.01.27-18.07.41:114][  0]LogWindows:    1. 'Intel(R) HD Graphics 520' (P:0 D:0)
[2020.01.27-18.07.41:115][  0]LogWindows:    2. 'Intel(R) HD Graphics 520' (P:0 D:0)
[2020.01.27-18.07.41:115][  0]LogWindows: DebugString: FoundDriverCount:3 
[2020.01.27-18.07.41:115][  0]LogD3D11RHI:     Adapter Name: Intel(R) HD Graphics 520
[2020.01.27-18.07.41:115][  0]LogD3D11RHI:   Driver Version: 21.20.16.4574 (internal:21.20.16.4574, unified:21.20.16.4574)
[2020.01.27-18.07.41:115][  0]LogD3D11RHI:      Driver Date: 12-23-2016
[2020.01.27-18.07.41:115][  0]LogRHI: Texture pool is 1505 MB (70% of 2150 MB)
[2020.01.27-18.07.41:122][  0]LogD3D11RHI: Async texture creation enabled
[2020.01.27-18.07.41:132][  0]LogD3D11RHI: GPU Timing Frequency: 12.000000 (Debug: 2 0)
[2020.01.27-18.07.41:627][  0]LogTemp: Display: Module 'AllDesktopTargetPlatform' loaded TargetPlatform 'AllDesktop'
[2020.01.27-18.07.41:650][  0]LogTemp: Display: Module 'MacClientTargetPlatform' loaded TargetPlatform 'MacClient'
[2020.01.27-18.07.41:667][  0]LogTemp: Display: Module 'MacNoEditorTargetPlatform' loaded TargetPlatform 'MacNoEditor'
[2020.01.27-18.07.41:683][  0]LogTemp: Display: Module 'MacServerTargetPlatform' loaded TargetPlatform 'MacServer'
[2020.01.27-18.07.41:700][  0]LogTemp: Display: Module 'MacTargetPlatform' loaded TargetPlatform 'Mac'
[2020.01.27-18.07.41:717][  0]LogTemp: Display: Module 'WindowsClientTargetPlatform' loaded TargetPlatform 'WindowsClient'
[2020.01.27-18.07.41:733][  0]LogTemp: Display: Module 'WindowsNoEditorTargetPlatform' loaded TargetPlatform 'WindowsNoEditor'
[2020.01.27-18.07.41:745][  0]LogTemp: Display: Module 'WindowsServerTargetPlatform' loaded TargetPlatform 'WindowsServer'
[2020.01.27-18.07.41:751][  0]LogTemp: Display: Module 'WindowsTargetPlatform' loaded TargetPlatform 'Windows'
[2020.01.27-18.07.41:796][  0]LogTemp: Display: Module 'AndroidTargetPlatform' loaded TargetPlatform 'Android'
[2020.01.27-18.07.41:796][  0]LogTemp: Display: Module 'AndroidTargetPlatform' loaded TargetPlatform 'Android_ASTC'
[2020.01.27-18.07.41:796][  0]LogTemp: Display: Module 'AndroidTargetPlatform' loaded TargetPlatform 'Android_ATC'
[2020.01.27-18.07.41:796][  0]LogTemp: Display: Module 'AndroidTargetPlatform' loaded TargetPlatform 'Android_DXT'
[2020.01.27-18.07.41:796][  0]LogTemp: Display: Module 'AndroidTargetPlatform' loaded TargetPlatform 'Android_ETC1'
[2020.01.27-18.07.41:796][  0]LogTemp: Display: Module 'AndroidTargetPlatform' loaded TargetPlatform 'Android_ETC1a'
[2020.01.27-18.07.41:796][  0]LogTemp: Display: Module 'AndroidTargetPlatform' loaded TargetPlatform 'Android_ETC2'
[2020.01.27-18.07.41:796][  0]LogTemp: Display: Module 'AndroidTargetPlatform' loaded TargetPlatform 'Android_PVRTC'
[2020.01.27-18.07.41:796][  0]LogTemp: Display: Module 'AndroidTargetPlatform' loaded TargetPlatform 'AndroidClient'
[2020.01.27-18.07.41:796][  0]LogTemp: Display: Module 'AndroidTargetPlatform' loaded TargetPlatform 'Android_ASTCClient'
[2020.01.27-18.07.41:796][  0]LogTemp: Display: Module 'AndroidTargetPlatform' loaded TargetPlatform 'Android_ATCClient'
[2020.01.27-18.07.41:796][  0]LogTemp: Display: Module 'AndroidTargetPlatform' loaded TargetPlatform 'Android_DXTClient'
[2020.01.27-18.07.41:796][  0]LogTemp: Display: Module 'AndroidTargetPlatform' loaded TargetPlatform 'Android_ETC1Client'
[2020.01.27-18.07.41:796][  0]LogTemp: Display: Module 'AndroidTargetPlatform' loaded TargetPlatform 'Android_ETC1aClient'
[2020.01.27-18.07.41:796][  0]LogTemp: Display: Module 'AndroidTargetPlatform' loaded TargetPlatform 'Android_ETC2Client'
[2020.01.27-18.07.41:796][  0]LogTemp: Display: Module 'AndroidTargetPlatform' loaded TargetPlatform 'Android_PVRTCClient'
[2020.01.27-18.07.41:796][  0]LogTemp: Display: Module 'AndroidTargetPlatform' loaded TargetPlatform 'Android_Multi'
[2020.01.27-18.07.41:796][  0]LogTemp: Display: Module 'AndroidTargetPlatform' loaded TargetPlatform 'Android_MultiClient'
[2020.01.27-18.07.41:799][  0]LogTemp: Display: Module 'HTML5TargetPlatform' loaded TargetPlatform 'HTML5'
[2020.01.27-18.07.41:821][  0]LogTemp: Display: Module 'IOSTargetPlatform' loaded TargetPlatform 'IOSClient'
[2020.01.27-18.07.41:821][  0]LogTemp: Display: Module 'IOSTargetPlatform' loaded TargetPlatform 'IOS'
[2020.01.27-18.07.41:839][  0]LogTemp: Display: Module 'TVOSTargetPlatform' loaded TargetPlatform 'TVOSClient'
[2020.01.27-18.07.41:839][  0]LogTemp: Display: Module 'TVOSTargetPlatform' loaded TargetPlatform 'TVOS'
[2020.01.27-18.07.41:849][  0]LogTemp: Display: Module 'LinuxClientTargetPlatform' loaded TargetPlatform 'LinuxClient'
[2020.01.27-18.07.41:858][  0]LogTemp: Display: Module 'LinuxNoEditorTargetPlatform' loaded TargetPlatform 'LinuxNoEditor'
[2020.01.27-18.07.41:867][  0]LogTemp: Display: Module 'LinuxServerTargetPlatform' loaded TargetPlatform 'LinuxServer'
[2020.01.27-18.07.41:876][  0]LogTemp: Display: Module 'LinuxTargetPlatform' loaded TargetPlatform 'Linux'
[2020.01.27-18.07.41:911][  0]LogTemp: Display: Module 'LuminTargetPlatform' loaded TargetPlatform 'Lumin'
[2020.01.27-18.07.41:911][  0]LogTemp: Display: Module 'LuminTargetPlatform' loaded TargetPlatform 'LuminClient'
[2020.01.27-18.07.41:911][  0]LogTargetPlatformManager: Display: Building Assets For Windows
[2020.01.27-18.07.41:925][  0]LogAudioDebug: Display: Lib vorbis DLL was dynamically loaded.
[2020.01.27-18.07.41:997][  0]LogShaderCompilers: Guid format shader working directory is -20 characters bigger than the processId version (../../../../../../Users/Darica/Documents/Unreal Projects/ARTemplate/Intermediate/Shaders/WorkingDirectory/8840/).
[2020.01.27-18.07.41:997][  0]LogShaderCompilers: Cleaned the shader compiler working directory 'C:/Users/Darica/AppData/Local/Temp/UnrealShaderWorkingDir/6301347D431FDFAAD00C0083D38EB73F/'.
[2020.01.27-18.07.42:002][  0]LogXGEController: Cannot use XGE Controller as Incredibuild is not installed on this machine.
[2020.01.27-18.07.42:003][  0]LogShaderCompilers: Cannot use XGE Shader Compiler as Incredibuild is not installed on this machine.
[2020.01.27-18.07.42:003][  0]LogShaderCompilers: Display: Using Local Shader Compiler.
[2020.01.27-18.07.42:814][  0]LogDerivedDataCache: Display: Max Cache Size: 512 MB
[2020.01.27-18.07.42:894][  0]LogDerivedDataCache: Loaded boot cache 0.08s 89MB C:/Users/Darica/AppData/Local/UnrealEngine/4.23/DerivedDataCache/Boot.ddc.
[2020.01.27-18.07.42:894][  0]LogDerivedDataCache: Display: Loaded Boot cache: C:/Users/Darica/AppData/Local/UnrealEngine/4.23/DerivedDataCache/Boot.ddc
[2020.01.27-18.07.42:894][  0]LogDerivedDataCache: FDerivedDataBackendGraph:  Pak pak cache file ../../../../../../Users/Darica/Documents/Unreal Projects/ARTemplate/DerivedDataCache/DDC.ddp not found, will not use a pak cache.
[2020.01.27-18.07.42:894][  0]LogDerivedDataCache: Unable to find inner node Pak for hierarchical cache Hierarchy.
[2020.01.27-18.07.42:894][  0]LogDerivedDataCache: FDerivedDataBackendGraph:  CompressedPak pak cache file ../../../../../../Users/Darica/Documents/Unreal Projects/ARTemplate/DerivedDataCache/Compressed.ddp not found, will not use a pak cache.
[2020.01.27-18.07.42:894][  0]LogDerivedDataCache: Unable to find inner node CompressedPak for hierarchical cache Hierarchy.
[2020.01.27-18.07.42:907][  0]LogDerivedDataCache: Display: Pak cache opened for reading ../../../Engine/DerivedDataCache/Compressed.ddp.
[2020.01.27-18.07.42:908][  0]LogDerivedDataCache: FDerivedDataBackendGraph:  EnterprisePak pak cache file ../../../Enterprise/DerivedDataCache/Compressed.ddp not found, will not use a pak cache.
[2020.01.27-18.07.42:908][  0]LogDerivedDataCache: Unable to find inner node EnterprisePak for hierarchical cache Hierarchy.
[2020.01.27-18.07.42:909][  0]LogDerivedDataCache: Using Local data cache path C:/Users/Darica/AppData/Local/UnrealEngine/Common/DerivedDataCache: Writable
[2020.01.27-18.07.42:909][  0]LogDerivedDataCache: Shared data cache path not found in *engine.ini, will not use an Shared cache.
[2020.01.27-18.07.42:909][  0]LogDerivedDataCache: Unable to find inner node Shared for hierarchical cache Hierarchy.
[2020.01.27-18.07.42:938][  0]LogMaterial: Verifying Global Shaders for PCD3D_SM5
[2020.01.27-18.07.42:941][  0]LogSlate: Using FreeType 2.6.0
[2020.01.27-18.07.42:941][  0]LogSlate: SlateFontServices - WITH_FREETYPE: 1, WITH_HARFBUZZ: 1
[2020.01.27-18.07.43:012][  0]LogAssetRegistry: FAssetRegistry took 0.0030 seconds to start up
[2020.01.27-18.07.43:367][  0]LogInit: Selected Device Profile: [Windows]
[2020.01.27-18.07.43:549][  0]LogMeshReduction: Using QuadricMeshReduction for automatic static mesh reduction
[2020.01.27-18.07.43:549][  0]LogMeshReduction: Using SimplygonMeshReduction for automatic skeletal mesh reduction
[2020.01.27-18.07.43:549][  0]LogMeshReduction: Using ProxyLODMeshReduction for automatic mesh merging
[2020.01.27-18.07.43:549][  0]LogMeshReduction: No distributed automatic mesh merging module available
[2020.01.27-18.07.43:549][  0]LogMeshMerging: No distributed automatic mesh merging module available
[2020.01.27-18.07.43:564][  0]LogNetVersion: ARTemplate 1.0.0, NetCL: 8386587, EngineNetVer: 11, GameNetVer: 0 (Checksum: 820814151)
[2020.01.27-18.07.44:263][  0]LogPackageLocalizationCache: Processed 15 localized package path(s) for 1 prioritized culture(s) in 0.114439 seconds
[2020.01.27-18.07.44:271][  0]LogUObjectArray: 44124 objects as part of root set at end of initial load.
[2020.01.27-18.07.44:271][  0]LogUObjectAllocator: 7692616 out of 0 bytes used by permanent object pool.
[2020.01.27-18.07.44:271][  0]LogUObjectArray: CloseDisregardForGC: 0/0 objects in disregard for GC pool
[2020.01.27-18.07.45:263][  0]LogTcpMessaging: Initializing TcpMessaging bridge
[2020.01.27-18.07.45:267][  0]LogUdpMessaging: Initializing bridge on interface 0.0.0.0:0 to multicast group 230.0.0.1:6666.
[2020.01.27-18.07.45:391][  0]SourceControl: Source control is disabled
[2020.01.27-18.07.45:391][  0]SourceControl: Source control is disabled
[2020.01.27-18.07.45:393][  0]SourceControl: Source control is disabled
[2020.01.27-18.07.45:394][  0]SourceControl: Source control is disabled
[2020.01.27-18.07.45:502][  0]LogAndroidPermission: UAndroidPermissionCallbackProxy::GetInstance
[2020.01.27-18.07.45:717][  0]LogOcInput: OculusInput pre-init called
[2020.01.27-18.07.45:727][  0]LogWindows: Failed to load 'OVRPlugin.dll' (GetLastError=126)
[2020.01.27-18.07.45:727][  0]LogWindows: File 'OVRPlugin.dll' does not exist
[2020.01.27-18.07.45:814][  0]LogEngine: Initializing Engine...
[2020.01.27-18.07.45:815][  0]LogHMD: Failed to initialize OpenVR with code 110
[2020.01.27-18.07.45:821][  0]LogStats: UGameplayTagsManager::InitializeManager -  0.005 s
[2020.01.27-18.07.46:101][  0]LogInit: Initializing FReadOnlyCVARCache
[2020.01.27-18.07.46:122][  0]LogAIModule: Creating AISystem for world Untitled
[2020.01.27-18.07.46:166][  0]LogInit: XAudio2 using 'Speaker/HP (Realtek High Definition Audio)' : 2 channels at 48 kHz using 32 bits per sample (channel mask 0x3)
[2020.01.27-18.07.46:207][  0]LogInit: FAudioDevice initialized.
[2020.01.27-18.07.46:208][  0]LogNetVersion: Set ProjectVersion to 1.0.0.0. Version Checksum will be recalculated on next use.
[2020.01.27-18.07.46:324][  0]LogDerivedDataCache: Saved boot cache 0.12s 89MB C:/Users/Darica/AppData/Local/UnrealEngine/4.23/DerivedDataCache/Boot.ddc.
[2020.01.27-18.07.46:343][  0]LogInit: Texture streaming: Enabled
[2020.01.27-18.07.46:370][  0]LogEngineSessionManager: EngineSessionManager initialized
[2020.01.27-18.07.46:370][  0]LogEditorSessionSummary: Verbose: Initializing EditorSessionSummaryWriter for editor session tracking
[2020.01.27-18.07.46:390][  0]LogEditorSessionSummary: EditorSessionSummaryWriter initialized
[2020.01.27-18.07.46:466][  0]LogInit: Transaction tracking system initialized
[2020.01.27-18.07.46:508][  0]BlueprintLog: New page: Editor Load
[2020.01.27-18.07.46:612][  0]LocalizationService: Localization service is disabled
[2020.01.27-18.07.47:610][  0]LogFileCache: Scanning file cache for directory 'C:/Users/Darica/Documents/Unreal Projects/ARTemplate/Content/' took 0.01s
[2020.01.27-18.07.47:610][  0]LogCook: Display: Max memory allowance for cook 16384mb min free memory 0mb
[2020.01.27-18.07.47:610][  0]LogCook: Display: Mobile HDR setting 1
[2020.01.27-18.07.47:987][  0]SourceControl: Source control is disabled
[2020.01.27-18.07.47:988][  0]Cmd: MAP LOAD FILE="../../../../../../Users/Darica/Documents/Unreal Projects/ARTemplate/Content/HandheldARBP/Maps/HandheldARBlankMap.umap" TEMPLATE=0 SHOWPROGRESS=1 FEATURELEVEL=3
[2020.01.27-18.07.47:988][  0]LightingResults: New page: Lighting Build
[2020.01.27-18.07.47:992][  0]LogWorld: UWorld::CleanupWorld for Untitled, bSessionEnded=true, bCleanupResources=true
[2020.01.27-18.07.47:992][  0]MapCheck: New page: Map Check
[2020.01.27-18.07.47:992][  0]LightingResults: New page: Lighting Build
[2020.01.27-18.07.48:017][  0]LogUObjectHash: Compacting FUObjectHashTables data took   2.68ms
[2020.01.27-18.07.48:257][  0]LogAIModule: Creating AISystem for world HandheldARBlankMap
[2020.01.27-18.07.48:277][  0]LogEditorServer: Finished looking for orphan Actors (0.000 secs)
[2020.01.27-18.07.48:317][  0]LogUObjectHash: Compacting FUObjectHashTables data took   2.43ms
[2020.01.27-18.07.48:317][  0]Cmd: MAP CHECKDEP NOCLEARLOG
[2020.01.27-18.07.48:317][  0]MapCheck: Map check complete: 0 Error(s), 0 Warning(s), took 0.2ms to complete.
[2020.01.27-18.07.48:318][  0]LogFileHelpers: Loading map 'HandheldARBlankMap' took 0.330
[2020.01.27-18.07.48:556][  0]LogSlate: Updating window title bar state: overlay mode, drag disabled, window buttons hidden, title bar hidden
[2020.01.27-18.07.48:568][  0]LogSlate: Updating window title bar state: overlay mode, drag disabled, window buttons hidden, title bar hidden
[2020.01.27-18.07.48:581][  0]LogSlate: Updating window title bar state: overlay mode, drag disabled, window buttons hidden, title bar hidden
[2020.01.27-18.07.48:595][  0]LogSlate: Updating window title bar state: overlay mode, drag disabled, window buttons hidden, title bar hidden
[2020.01.27-18.07.48:619][  0]LogCollectionManager: Loaded 0 collections in 0.002575 seconds
[2020.01.27-18.07.48:643][  0]LogFileCache: Scanning file cache for directory 'C:/Users/Darica/Documents/Unreal Projects/ARTemplate/Saved/Collections/' took 0.00s
[2020.01.27-18.07.48:643][  0]LogFileCache: Scanning file cache for directory 'C:/Users/Darica/Documents/Unreal Projects/ARTemplate/Content/Developers/Darica/Collections/' took 0.00s
[2020.01.27-18.07.48:643][  0]LogFileCache: Scanning file cache for directory 'C:/Users/Darica/Documents/Unreal Projects/ARTemplate/Content/Collections/' took 0.00s
[2020.01.27-18.07.48:643][  0]LogCollectionManager: Rebuilt the GUID cache for 0 collections in 0.000003 seconds
[2020.01.27-18.07.48:654][  0]LogContentBrowser: Native class hierarchy populated in 0.0100 seconds. Added 2957 classes and 723 folders.
[2020.01.27-18.07.48:669][  0]LogContentBrowser: Native class hierarchy updated for 'WidgetCarousel' in 0.0003 seconds. Added 0 classes and 0 folders.
[2020.01.27-18.07.49:173][  0]LogContentBrowser: Native class hierarchy updated for 'AddContentDialog' in 0.0003 seconds. Added 0 classes and 0 folders.
[2020.01.27-18.07.49:190][  0]LogContentBrowser: Native class hierarchy updated for 'SceneOutliner' in 0.0003 seconds. Added 1 classes and 2 folders.
[2020.01.27-18.07.50:854][  0]LogSlate: Only BGRA pngs, bmps or icos are supported in by External Image Picker
[2020.01.27-18.07.50:899][  0]LogSlate: Took 0.000253 seconds to synchronously load lazily loaded font '../../../Engine/Content/Slate/Fonts/Roboto-Regular.ttf' (155K)
[2020.01.27-18.07.50:908][  0]LogSlate: Took 0.000255 seconds to synchronously load lazily loaded font '../../../Engine/Content/Slate/Fonts/Roboto-Bold.ttf' (160K)
[2020.01.27-18.07.50:930][  0]LogSlate: Took 0.014816 seconds to synchronously load lazily loaded font '../../../Engine/Content/Editor/Slate/Fonts/FontAwesome.ttf' (139K)
[2020.01.27-18.07.51:097][  0]LogRenderer: Reallocating scene render targets to support 1016x256 Format 10 NumSamples 1 (Frame:1).
[2020.01.27-18.07.51:830][  0]LogContentBrowser: Native class hierarchy updated for 'HierarchicalLODOutliner' in 0.0002 seconds. Added 0 classes and 0 folders.
[2020.01.27-18.07.51:831][  0]LogLoad: (Engine Initialization) Total time: 13.10 seconds
[2020.01.27-18.07.51:831][  0]LogLoad: (Engine Initialization) Total Blueprint compile time: 0.00 seconds
[2020.01.27-18.07.52:169][  0]LogContentStreaming: Texture pool size now 1000 MB
[2020.01.27-18.07.53:439][  5]LogAssetRegistry: Asset discovery search completed in 10.4278 seconds
[2020.01.27-18.07.53:447][  5]LogCollectionManager: Rebuilt the object cache for 0 collections in 0.000008 seconds (found 0 objects)
[2020.01.27-18.07.53:447][  5]LogCollectionManager: Fixed up redirectors for 0 collections in 0.000121 seconds (updated 0 objects)
[2020.01.27-18.07.55:403][ 61]LogSlate: Took 0.007196 seconds to synchronously load lazily loaded font '../../../Engine/Content/Slate/Fonts/Roboto-Light.ttf' (167K)
[2020.01.27-18.09.02:936][600]LogEditorSessionSummary: EditorSessionSummary sent report. Type=Shutdown, SessionId={CD44E4D7-4EA9-1089-A9DB-5396BCE195E5}
[2020.01.27-18.18.19:030][408]LogEditorSessionSummary: EditorSessionSummary sent report. Type=Shutdown, SessionId={5A198F88-441C-9E5A-9BD1-99B4FAD38676}
[2020.01.27-18.19.16:663][391]LogSlate: FSceneViewport::OnFocusLost() reason 0
[2020.01.27-18.19.23:427][708]LogAssetEditorManager: Opening Asset editor for Blueprint /Game/HandheldARBP/Blueprints/GameFramework/BP_ARPawn.BP_ARPawn
[2020.01.27-18.19.23:819][708]LogLinker: Warning: Asset '../../Plugins/Runtime/AR/Google/GoogleARCore/Content/ARCoreUtils.uasset' has been saved with empty engine version. The asset will be loaded but may be incompatible.
[2020.01.27-18.19.23:827][708]LogLinker: Warning: Asset '../../Plugins/Runtime/AR/Google/GoogleARCore/Content/CameraTextureUVParams.uasset' has been saved with empty engine version. The asset will be loaded but may be incompatible.
[2020.01.27-18.19.23:967][708]LogContentBrowser: Native class hierarchy updated for 'BlueprintGraph' in 0.0017 seconds. Added 121 classes and 0 folders.
[2020.01.27-18.19.25:362][708]LogSlate: Took 0.009467 seconds to synchronously load lazily loaded font '../../../Engine/Content/Slate/Fonts/Roboto-BoldCondensed.ttf' (158K)
[2020.01.27-18.19.25:526][709]LogSlate: Took 0.008880 seconds to synchronously load lazily loaded font '../../../Engine/Content/Slate/Fonts/Roboto-Italic.ttf' (157K)
[2020.01.27-18.20.38:291][423]LogUObjectHash: Compacting FUObjectHashTables data took   7.29ms
[2020.01.27-18.20.38:291][423]LogFileHelpers: Editor autosave (incl. sublevels) for '/Game/HandheldARBP/Maps/HandheldARBlankMap' took 0.155
[2020.01.27-18.20.38:298][423]OBJ SavePackage: Generating thumbnails for [0] asset(s) in package [/Game/HandheldARBP/Blueprints/GameFramework/BP_ARPawn] ([1] browsable assets)...
[2020.01.27-18.20.38:298][423]OBJ SavePackage: Finished generating thumbnails for package [/Game/HandheldARBP/Blueprints/GameFramework/BP_ARPawn]
[2020.01.27-18.20.38:551][423]LogSavePackage: Moving '../../../../../../Users/Darica/Documents/Unreal Projects/ARTemplate/Saved/BP_ARPawn_Auto1E1C3456845A03DCD7B7D6084E079A5D5.tmp' to '../../../../../../Users/Darica/Documents/Unreal Projects/ARTemplate/Saved/Autosaves/Game/HandheldARBP/Blueprints/GameFramework/BP_ARPawn_Auto1.uasset'
[2020.01.27-18.20.38:611][423]LogFileHelpers: Auto-saving content packages took 0.318
[2020.01.27-18.21.14:480][311]LogSavePackage: Moving '../../../../../../Users/Darica/Documents/Unreal Projects/ARTemplate/Saved/BP_ARPawn9F76D5A8452BFB4CF1F66F8373E41910.tmp' to '../../../../../../Users/Darica/Documents/Unreal Projects/ARTemplate/Content/HandheldARBP/Blueprints/GameFramework/BP_ARPawn.uasset'
[2020.01.27-18.21.18:806][555]LogEditorViewport: Clicking on Actor (LMB): BP_PlaceableCone_C (BP_PlaceableCone2)
[2020.01.27-18.21.23:196][790]LogSlate: FSceneViewport::OnFocusLost() reason 0
[2020.01.27-18.22.09:505][372]LogAssetEditorManager: Opening Asset editor for Blueprint /Game/HandheldARBP/Blueprints/Placeable/FadeComponent.FadeComponent
[2020.01.27-18.23.18:854][616]LogSavePackage: Moving '../../../../../../Users/Darica/Documents/Unreal Projects/ARTemplate/Saved/FadeComponent42A069CC4B7B88CB917C808892D74812.tmp' to '../../../../../../Users/Darica/Documents/Unreal Projects/ARTemplate/Content/HandheldARBP/Blueprints/Placeable/FadeComponent.uasset'
[2020.01.27-18.23.19:623][633]LogUObjectHash: Compacting FUObjectHashTables data took   3.41ms
[2020.01.27-18.23.20:006][633]LogSavePackage: Moving '../../../../../../Users/Darica/Documents/Unreal Projects/ARTemplate/Saved/HandheldARBlankMap9E76BB8D4397377F5F5943AE98CFFFB6.tmp' to '../../../../../../Users/Darica/Documents/Unreal Projects/ARTemplate/Content/HandheldARBP/Maps/HandheldARBlankMap.umap'
[2020.01.27-18.23.20:119][633]LogSavePackage: Moving '../../../../../../Users/Darica/Documents/Unreal Projects/ARTemplate/Saved/HandheldARBlankMap_BuiltData3108674B4CF75BBF65DE18B083FE9B71.tmp' to '../../../../../../Users/Darica/Documents/Unreal Projects/ARTemplate/Content/HandheldARBP/Maps/HandheldARBlankMap_BuiltData.uasset'
[2020.01.27-18.23.23:149][718]LogSlate: Window 'FadeComponent' being destroyed
[2020.01.27-18.23.23:200][718]LogWorld: UWorld::CleanupWorld for World_5, bSessionEnded=true, bCleanupResources=true
[2020.01.27-18.23.25:186][784]LogEditorViewport: Clicking Background
[2020.01.27-18.23.25:961][819]LogSlate: FSceneViewport::OnFocusLost() reason 0
[2020.01.27-18.23.26:100][826]LogTemp: Repeating last play command: Selected Viewport
[2020.01.27-18.23.26:171][826]LogBlueprintUserMessages: Early PlayInEditor Detection: Level '/Game/HandheldARBP/Maps/HandheldARBlankMap.HandheldARBlankMap:PersistentLevel' has LevelScriptBlueprint '/Game/HandheldARBP/Maps/HandheldARBlankMap.HandheldARBlankMap:PersistentLevel.HandheldARBlankMap' with GeneratedClass '/Game/HandheldARBP/Maps/HandheldARBlankMap.HandheldARBlankMap_C' with ClassGeneratedBy '/Game/HandheldARBP/Maps/HandheldARBlankMap.HandheldARBlankMap:PersistentLevel.HandheldARBlankMap'
[2020.01.27-18.23.26:172][826]BlueprintLog: New page: Pre-Play auto-recompile
[2020.01.27-18.23.26:193][826]LogPlayLevel: [PlayLevel] Compiling FadeComponent before play...
[2020.01.27-18.23.26:213][826]LogBlueprint: Error: [Compiler FadeComponent] This blueprint (self) is not a Actor, therefore ' Target ' must have a connection.
[2020.01.27-18.23.26:213][826]LogBlueprint: Error: [Compiler FadeComponent] This blueprint (self) is not a Actor, therefore ' Target ' must have a connection.
[2020.01.27-18.23.26:214][826]LogBlueprint: Error: [Compiler FadeComponent] This blueprint (self) is not a Actor, therefore ' Target ' must have a connection.
[2020.01.27-18.23.26:214][826]LogBlueprint: Error: [Compiler FadeComponent] This blueprint (self) is not a Actor, therefore ' Target ' must have a connection.
[2020.01.27-18.23.26:448][826]LogPlayLevel: [PlayLevel] Compiling BP_ARPawn before play...
[2020.01.27-18.23.26:753][826]LogUObjectHash: Compacting FUObjectHashTables data took   5.34ms
[2020.01.27-18.23.26:754][826]LogPlayLevel: PlayLevel: Blueprint regeneration took 580 ms (2 blueprints)
[2020.01.27-18.23.26:754][826]BlueprintLog: Warning: Blueprint failed to compile:  FadeComponent
[2020.01.27-18.23.26:755][826]LogCustomDialog: Dialog displayed:
[2020.01.27-18.23.29:505][826]LogSlate: Window 'Blueprint Compilation Errors' being destroyed
[2020.01.27-18.23.31:245][895]LogSlate: Window 'Message Log' being destroyed
[2020.01.27-18.23.31:250][895]LogSlate: Window 'Message Log' being destroyed
[2020.01.27-18.23.34:748][963]LogAssetEditorManager: Opening Asset editor for Blueprint /Game/HandheldARBP/Blueprints/Placeable/FadeComponent.FadeComponent
[2020.01.27-18.23.38:379][ 65]LogSlate: Window 'FadeComponent' being destroyed
[2020.01.27-18.24.13:406][575]LogSavePackage: Moving '../../../../../../Users/Darica/Documents/Unreal Projects/ARTemplate/Saved/FadeComponentBEE3474F4259ABA08B5D62B639B5E4E0.tmp' to '../../../../../../Users/Darica/Documents/Unreal Projects/ARTemplate/Content/HandheldARBP/Blueprints/Placeable/FadeComponent.uasset'
[2020.01.27-18.24.47:448][ 37]LogSavePackage: Moving '../../../../../../Users/Darica/Documents/Unreal Projects/ARTemplate/Saved/FadeComponent0431A23443357BF1C55719ADB42B8BFC.tmp' to '../../../../../../Users/Darica/Documents/Unreal Projects/ARTemplate/Content/HandheldARBP/Blueprints/Placeable/FadeComponent.uasset'
[2020.01.27-18.24.47:937][ 50]LogSavePackage: Moving '../../../../../../Users/Darica/Documents/Unreal Projects/ARTemplate/Saved/FadeComponent061C89C641DBDF017C764681C3470F67.tmp' to '../../../../../../Users/Darica/Documents/Unreal Projects/ARTemplate/Content/HandheldARBP/Blueprints/Placeable/FadeComponent.uasset'
[2020.01.27-18.24.48:488][ 75]BlueprintLog: New page: Compile FadeComponent
[2020.01.27-18.24.48:871][ 75]LogUObjectHash: Compacting FUObjectHashTables data took   4.58ms
[2020.01.27-18.24.51:348][185]LogUObjectHash: Compacting FUObjectHashTables data took   7.41ms
[2020.01.27-18.24.51:650][185]LogSavePackage: Moving '../../../../../../Users/Darica/Documents/Unreal Projects/ARTemplate/Saved/HandheldARBlankMap1E93276144E830D517977E85A7A3F403.tmp' to '../../../../../../Users/Darica/Documents/Unreal Projects/ARTemplate/Content/HandheldARBP/Maps/HandheldARBlankMap.umap'
[2020.01.27-18.24.51:737][185]LogSavePackage: Moving '../../../../../../Users/Darica/Documents/Unreal Projects/ARTemplate/Saved/HandheldARBlankMap_BuiltData2EA804ED42E1FE332E6344B692BE51C2.tmp' to '../../../../../../Users/Darica/Documents/Unreal Projects/ARTemplate/Content/HandheldARBP/Maps/HandheldARBlankMap_BuiltData.uasset'
[2020.01.27-18.24.52:367][219]LogTemp: Repeating last play command: Selected Viewport
[2020.01.27-18.24.52:401][219]LogBlueprintUserMessages: Early PlayInEditor Detection: Level '/Game/HandheldARBP/Maps/HandheldARBlankMap.HandheldARBlankMap:PersistentLevel' has LevelScriptBlueprint '/Game/HandheldARBP/Maps/HandheldARBlankMap.HandheldARBlankMap:PersistentLevel.HandheldARBlankMap' with GeneratedClass '/Game/HandheldARBP/Maps/HandheldARBlankMap.HandheldARBlankMap_C' with ClassGeneratedBy '/Game/HandheldARBP/Maps/HandheldARBlankMap.HandheldARBlankMap:PersistentLevel.HandheldARBlankMap'
[2020.01.27-18.24.52:401][219]LogPlayLevel: PlayLevel: No blueprints needed recompiling
[2020.01.27-18.24.52:411][219]PIE: New page: PIE session: HandheldARBlankMap (Jan 27, 2020, 2:24:52 AM)
[2020.01.27-18.24.52:419][219]LogOnline: OSS: Creating online subsystem instance for: NULL
[2020.01.27-18.24.52:423][219]LogPlayLevel: Creating play world package: /Game/HandheldARBP/Maps/UEDPIE_0_HandheldARBlankMap
[2020.01.27-18.24.52:445][219]LogPlayLevel: PIE: StaticDuplicateObject took: (0.022163s)
[2020.01.27-18.24.52:447][219]LogAIModule: Creating AISystem for world HandheldARBlankMap
[2020.01.27-18.24.52:447][219]LogPlayLevel: PIE: World Init took: (0.002356s)
[2020.01.27-18.24.52:448][219]LogPlayLevel: PIE: Created PIE world by copying editor world from /Game/HandheldARBP/Maps/HandheldARBlankMap.HandheldARBlankMap to /Game/HandheldARBP/Maps/UEDPIE_0_HandheldARBlankMap.HandheldARBlankMap (0.025168s)
[2020.01.27-18.24.52:491][219]LogUObjectHash: Compacting FUObjectHashTables data took   4.42ms
[2020.01.27-18.24.52:511][219]LogInit: XAudio2 using 'Speaker/HP (Realtek High Definition Audio)' : 2 channels at 48 kHz using 32 bits per sample (channel mask 0x3)
[2020.01.27-18.24.52:536][219]LogInit: FAudioDevice initialized.
[2020.01.27-18.24.52:593][219]LogLoad: Game class is 'BP_ARGameMode_C'
[2020.01.27-18.24.52:604][219]LogWorld: Bringing World /Game/HandheldARBP/Maps/UEDPIE_0_HandheldARBlankMap.HandheldARBlankMap up for play (max tick rate 0) at 2020.01.27-10.24.52
[2020.01.27-18.24.52:611][219]LogWorld: Bringing up level for play took: 0.006823
[2020.01.27-18.24.52:613][219]LogOnline: OSS: Creating online subsystem instance for: :Context_8
[2020.01.27-18.24.52:648][219]LogContentBrowser: Native class hierarchy updated for 'MovieSceneCapture' in 0.0008 seconds. Added 20 classes and 0 folders.
[2020.01.27-18.24.52:674][219]PIE: Warning: The widget 'BP_DebugMenu_C' was already added to the screen.
[2020.01.27-18.24.52:674][219]PIE: Play in editor start time for /Game/HandheldARBP/Maps/UEDPIE_0_HandheldARBlankMap 0.682
[2020.01.27-18.24.52:675][219]LogBlueprintUserMessages: Late PlayInEditor Detection: Level '/Game/HandheldARBP/Maps/HandheldARBlankMap.HandheldARBlankMap:PersistentLevel' has LevelScriptBlueprint '/Game/HandheldARBP/Maps/HandheldARBlankMap.HandheldARBlankMap:PersistentLevel.HandheldARBlankMap' with GeneratedClass '/Game/HandheldARBP/Maps/HandheldARBlankMap.HandheldARBlankMap_C' with ClassGeneratedBy '/Game/HandheldARBP/Maps/HandheldARBlankMap.HandheldARBlankMap:PersistentLevel.HandheldARBlankMap'
[2020.01.27-18.24.58:379][376]LogSlate: FSceneViewport::OnFocusLost() reason 0
[2020.01.27-18.24.59:692][415]LogBlueprintUserMessages: [FadeComponent] true
[2020.01.27-18.25.04:514][564]LogBlueprintUserMessages: [FadeComponent] false
[2020.01.27-18.25.04:519][564]LogSlate: FSceneViewport::OnFocusLost() reason 0
[2020.01.27-18.25.08:402][677]LogBlueprintUserMessages: [FadeComponent] true
[2020.01.27-18.25.08:403][677]LogSlate: FSceneViewport::OnFocusLost() reason 0
[2020.01.27-18.25.10:650][744]LogBlueprintUserMessages: [FadeComponent] false
[2020.01.27-18.25.14:168][845]LogSlate: FSceneViewport::OnFocusLost() reason 0
[2020.01.27-18.25.15:807][888]LogBlueprintUserMessages: Early EndPlayMap Detection: Level '/Game/HandheldARBP/Maps/HandheldARBlankMap.HandheldARBlankMap:PersistentLevel' has LevelScriptBlueprint '/Game/HandheldARBP/Maps/HandheldARBlankMap.HandheldARBlankMap:PersistentLevel.HandheldARBlankMap' with GeneratedClass '/Game/HandheldARBP/Maps/HandheldARBlankMap.HandheldARBlankMap_C' with ClassGeneratedBy '/Game/HandheldARBP/Maps/HandheldARBlankMap.HandheldARBlankMap:PersistentLevel.HandheldARBlankMap'
[2020.01.27-18.25.15:809][888]LogSlate: Updating window title bar state: overlay mode, drag disabled, window buttons hidden, title bar hidden
[2020.01.27-18.25.15:809][888]LogWorld: BeginTearingDown for /Game/HandheldARBP/Maps/UEDPIE_0_HandheldARBlankMap
[2020.01.27-18.25.15:809][888]LogWorld: UWorld::CleanupWorld for HandheldARBlankMap, bSessionEnded=true, bCleanupResources=true
[2020.01.27-18.25.15:844][888]LogPlayLevel: Display: Shutting down PIE online subsystems
[2020.01.27-18.25.15:845][888]LogBlueprintUserMessages: Late EndPlayMap Detection: Level '/Game/HandheldARBP/Maps/HandheldARBlankMap.HandheldARBlankMap:PersistentLevel' has LevelScriptBlueprint '/Game/HandheldARBP/Maps/HandheldARBlankMap.HandheldARBlankMap:PersistentLevel.HandheldARBlankMap' with GeneratedClass '/Game/HandheldARBP/Maps/HandheldARBlankMap.HandheldARBlankMap_C' with ClassGeneratedBy '/Game/HandheldARBP/Maps/HandheldARBlankMap.HandheldARBlankMap:PersistentLevel.HandheldARBlankMap'
[2020.01.27-18.25.16:028][888]LogSlate: Updating window title bar state: overlay mode, drag disabled, window buttons hidden, title bar hidden
[2020.01.27-18.25.16:123][888]LogUObjectHash: Compacting FUObjectHashTables data took  12.99ms
[2020.01.27-18.25.16:562][895]LogPlayLevel: Display: Destroying online subsystem :Context_8
[2020.01.27-18.25.17:130][908]LogSlate: Window 'Message Log' being destroyed
[2020.01.27-18.25.17:195][908]LogSlate: Window 'Message Log' being destroyed
[2020.01.27-18.25.18:797][963]LogUObjectHash: Compacting FUObjectHashTables data took   8.24ms
[2020.01.27-18.25.19:227][963]LogSavePackage: Moving '../../../../../../Users/Darica/Documents/Unreal Projects/ARTemplate/Saved/HandheldARBlankMap1040D1BA430E7628944007ADCFF44221.tmp' to '../../../../../../Users/Darica/Documents/Unreal Projects/ARTemplate/Content/HandheldARBP/Maps/HandheldARBlankMap.umap'
[2020.01.27-18.25.19:326][963]LogSavePackage: Moving '../../../../../../Users/Darica/Documents/Unreal Projects/ARTemplate/Saved/HandheldARBlankMap_BuiltData5027E9FD47B74A7C0ED5F985F2F7B2C3.tmp' to '../../../../../../Users/Darica/Documents/Unreal Projects/ARTemplate/Content/HandheldARBP/Maps/HandheldARBlankMap_BuiltData.uasset'
